This is pdfTeX, Version 3.141592653-2.6-1.40.23 (TeX Live 2022/dev) (preloaded format=pdflatex 2022.3.6)  12 JAN 2024 12:44
entering extended mode
 restricted \write18 enabled.
 file:line:error style messages enabled.
 %&-line parsing enabled.
**"/Users/vlasov/Documents/CheckingHANK/Should We Trust HANK/CheckingHANK.tex"
(/Users/vlasov/Documents/CheckingHANK/Should We Trust HANK/CheckingHANK.tex
LaTeX2e <2021-11-15> patch level 1
L3 programming layer <2022-02-24> (/usr/local/texlive/2021/texmf-dist/tex/latex/base/article.cls
Document Class: article 2021/10/04 v1.4n Standard LaTeX document class
(/usr/local/texlive/2021/texmf-dist/tex/latex/base/size12.clo
File: size12.clo 2021/10/04 v1.4n Standard LaTeX file (size option)
)
\c@part=\count185
\c@section=\count186
\c@subsection=\count187
\c@subsubsection=\count188
\c@paragraph=\count189
\c@subparagraph=\count190
\c@figure=\count191
\c@table=\count192
\abovecaptionskip=\skip47
\belowcaptionskip=\skip48
\bibindent=\dimen138
)

! LaTeX Error: File `preamble.tex' not found.

Type X to quit or <RETURN> to proceed,
or enter new name. (Default extension: tex)

Enter file name: 
/Users/vlasov/Documents/CheckingHANK/Should We Trust HANK/CheckingHANK.tex:2: Emergency stop.
<read *> 
         
l.2 \input{preamble.tex}
                        ^^M
*** (cannot \read from terminal in nonstop modes)

 
Here is how much of TeX's memory you used:
 232 strings out of 478276
 3144 string characters out of 5846497
 292090 words of memory out of 5000000
 18529 multiletter control sequences out of 15000+600000
 469557 words of font info for 29 fonts, out of 8000000 for 9000
 1141 hyphenation exceptions out of 8191
 33i,0n,38p,209b,36s stack positions out of 5000i,500n,10000p,200000b,80000s
/Users/vlasov/Documents/CheckingHANK/Should We Trust HANK/CheckingHANK.tex:2:  ==> Fatal error occurred, no output PDF file produced!
